[debug] [2024-05-03T17:33:54.627Z] ----------------------------------------------------------------------
[debug] [2024-05-03T17:33:54.629Z] Command:       C:\Program Files\nodejs\node.exe C:\Users\Redcon\AppData\Roaming\npm\node_modules\firebase-tools\lib\bin\firebase.js init
[debug] [2024-05-03T17:33:54.630Z] CLI Version:   13.8.0
[debug] [2024-05-03T17:33:54.630Z] Platform:      win32
[debug] [2024-05-03T17:33:54.630Z] Node Version:  v20.12.2
[debug] [2024-05-03T17:33:54.630Z] Time:          Fri May 03 2024 20:33:54 GMT+0300 (Eastern European Summer Time)
[debug] [2024-05-03T17:33:54.631Z] ----------------------------------------------------------------------
[debug] 
[debug] [2024-05-03T17:33:54.640Z] > command requires scopes: ["email","openid","https://www.googleapis.com/auth/cloudplatformprojects.readonly","https://www.googleapis.com/auth/firebase","https://www.googleapis.com/auth/cloud-platform"]
[debug] [2024-05-03T17:33:54.641Z] > authorizing via signed-in user (ahmedwello1999@gmail.com)
[info] 
     ######## #### ########  ######## ########     ###     ######  ########
     ##        ##  ##     ## ##       ##     ##  ##   ##  ##       ##
     ######    ##  ########  ######   ########  #########  ######  ######
     ##        ##  ##    ##  ##       ##     ## ##     ##       ## ##
     ##       #### ##     ## ######## ########  ##     ##  ######  ########

You're about to initialize a Firebase project in this directory:

  D:\Fire base Course\fire

[info] 
=== Project Setup
[info] 
[info] First, let's associate this project directory with a Firebase project.
[info] You can create multiple project aliases by running firebase use --add, 
[info] but for now we'll just set up a default project.
[info] 
[debug] [2024-05-03T17:34:36.743Z] >>> [apiv2][query] GET https://firebase.googleapis.com/v1beta1/projects pageSize=100
[debug] [2024-05-03T17:34:37.328Z] <<< [apiv2][status] GET https://firebase.googleapis.com/v1beta1/projects 200
[debug] [2024-05-03T17:34:37.328Z] <<< [apiv2][body] GET https://firebase.googleapis.com/v1beta1/projects [omitted]
[info] i  Using project fir-course-11fe0 (Firebase course) 
[info] 
=== Hosting Setup
[debug] [2024-05-03T17:35:03.635Z] >>> [apiv2][query] GET https://firebase.googleapis.com/v1beta1/projects/fir-course-11fe0 [none]
[debug] [2024-05-03T17:35:04.099Z] <<< [apiv2][status] GET https://firebase.googleapis.com/v1beta1/projects/fir-course-11fe0 200
[debug] [2024-05-03T17:35:04.100Z] <<< [apiv2][body] GET https://firebase.googleapis.com/v1beta1/projects/fir-course-11fe0 {"projectId":"fir-course-11fe0","projectNumber":"607579691269","displayName":"Firebase course","name":"projects/fir-course-11fe0","resources":{"hostingSite":"fir-course-11fe0","storageBucket":"fir-course-11fe0.appspot.com","locationId":"us-central"},"state":"ACTIVE","etag":"1_7bd07c46-306a-4431-b3d7-ac7fa4d1f998"}
[info] 
[info] Your public directory is the folder (relative to your project directory) that
[info] will contain Hosting assets to be uploaded with firebase deploy. If you
[info] have a build process for your assets, use your build's output directory.
[info] 
[info] +  Wrote public/404.html 
[debug] [2024-05-03T17:35:38.089Z] >>> [apiv2][query] GET https://www.gstatic.com/firebasejs/releases.json [none]
[debug] [2024-05-03T17:35:38.273Z] <<< [apiv2][status] GET https://www.gstatic.com/firebasejs/releases.json 200
[debug] [2024-05-03T17:35:38.273Z] <<< [apiv2][body] GET https://www.gstatic.com/firebasejs/releases.json {"current":{"version":"10.11.1","browserURL":"https://www.gstatic.com/firebasejs/10.11.1/firebase.js","packageURL":"https://www.gstatic.com/firebasejs/10.11.1/firebase.tgz"},"live":{"version":"10.11","browserURL":"https://www.gstatic.com/firebasejs/live/10.11/firebase.js","packageURL":"https://www.gstatic.com/firebasejs/live/10.11/firebase.tgz"},"components":{"analytics":"https://www.gstatic.com/firebasejs/10.11.1/firebase-analytics.js","app":"https://www.gstatic.com/firebasejs/10.11.1/firebase-app.js","app-check":"https://www.gstatic.com/firebasejs/10.11.1/firebase-app-check.js","auth":"https://www.gstatic.com/firebasejs/10.11.1/firebase-auth.js","auth/cordova":"https://www.gstatic.com/firebasejs/10.11.1/firebase-auth/cordova.js","auth/web-extension":"https://www.gstatic.com/firebasejs/10.11.1/firebase-auth/web-extension.js","functions":"https://www.gstatic.com/firebasejs/10.11.1/firebase-functions.js","firestore":"https://www.gstatic.com/firebasejs/10.11.1/firebase-firestore.js","firestore/lite":"https://www.gstatic.com/firebasejs/10.11.1/firebase-firestore/lite.js","installations":"https://www.gstatic.com/firebasejs/10.11.1/firebase-installations.js","storage":"https://www.gstatic.com/firebasejs/10.11.1/firebase-storage.js","performance":"https://www.gstatic.com/firebasejs/10.11.1/firebase-performance.js","remote-config":"https://www.gstatic.com/firebasejs/10.11.1/firebase-remote-config.js","messaging":"https://www.gstatic.com/firebasejs/10.11.1/firebase-messaging.js","messaging/sw":"https://www.gstatic.com/firebasejs/10.11.1/firebase-messaging/sw.js","database":"https://www.gstatic.com/firebasejs/10.11.1/firebase-database.js","firestore.memory":"https://www.gstatic.com/firebasejs/10.11.1/firebase-firestore.memory.js"}}
[info] i  Skipping write of public/index.html 
[info] 
[info] i  Didn't detect a .git folder. Assuming D:\Fire base Course\fire is the project root. 
[info] i  Authorizing with GitHub to upload your service account to a GitHub repository's secrets store. 
[info] 
[info] Visit this URL on this device to log in:
[info] https://github.com/login/oauth/authorize?client_id=89cf50f02ac6aaed3484&state=115842622&redirect_uri=http%3A%2F%2Flocalhost%3A9005&scope=read%3Auser%20repo%20public_repo
[info] 
[info] Waiting for authentication...
[debug] [2024-05-03T17:35:50.410Z] >>> [apiv2][query] POST https://github.com/login/oauth/access_token [none]
[debug] [2024-05-03T17:35:50.410Z] >>> [apiv2][body] POST https://github.com/login/oauth/access_token [stream]
[debug] [2024-05-03T17:35:50.830Z] <<< [apiv2][status] POST https://github.com/login/oauth/access_token 200
[debug] [2024-05-03T17:35:50.830Z] <<< [apiv2][body] POST https://github.com/login/oauth/access_token {"access_token":"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","token_type":"bearer","scope":"read:user,repo"}
[debug] [2024-05-03T17:35:50.836Z] >>> [apiv2][query] GET https://api.github.com/user [none]
[debug] [2024-05-03T17:35:51.266Z] <<< [apiv2][status] GET https://api.github.com/user 200
[debug] [2024-05-03T17:35:51.266Z] <<< [apiv2][body] GET https://api.github.com/user {"login":"AhmedWaleed225","id":89410027,"node_id":"MDQ6VXNlcjg5NDEwMDI3","avatar_url":"https://avatars.githubusercontent.com/u/89410027?v=4","gravatar_id":"","url":"https://api.github.com/users/AhmedWaleed225","html_url":"https://github.com/AhmedWaleed225","followers_url":"https://api.github.com/users/AhmedWaleed225/followers","following_url":"https://api.github.com/users/AhmedWaleed225/following{/other_user}","gists_url":"https://api.github.com/users/AhmedWaleed225/gists{/gist_id}","starred_url":"https://api.github.com/users/AhmedWaleed225/starred{/owner}{/repo}","subscriptions_url":"https://api.github.com/users/AhmedWaleed225/subscriptions","organizations_url":"https://api.github.com/users/AhmedWaleed225/orgs","repos_url":"https://api.github.com/users/AhmedWaleed225/repos","events_url":"https://api.github.com/users/AhmedWaleed225/events{/privacy}","received_events_url":"https://api.github.com/users/AhmedWaleed225/received_events","type":"User","site_admin":false,"name":null,"company":null,"blog":"","location":null,"email":null,"hireable":null,"bio":null,"twitter_username":null,"public_repos":2,"public_gists":0,"followers":0,"following":0,"created_at":"2021-08-23T16:45:30Z","updated_at":"2024-05-03T17:35:48Z","private_gists":0,"total_private_repos":3,"owned_private_repos":3,"disk_usage":9163,"collaborators":0,"two_factor_authentication":false,"plan":{"name":"free","space":976562499,"collaborators":0,"private_repos":10000}}
[info] 
[info] +  Success! Logged into GitHub as AhmedWaleed225 
[info] 
